\BOOKMARK [0][-]{chapter*.2}{\376\377\000O\000m\000\040\000S\000P\000S\000S\000\040\000I\000n\000t\000r\000o\000d\000u\000k\000t\000i\000o\000n}{}% 1
\BOOKMARK [-1][-]{part*.3}{\376\377\000K\000o\000m\000m\000a\000\040\000i\000g\000\345\000n\000g\000\040\000m\000e\000d\000\040\000S\000P\000S\000S}{}% 2
\BOOKMARK [0][-]{chapter.1}{\376\377\000I\000n\000s\000t\000a\000l\000l\000e\000r\000a\000\040\000o\000c\000h\000\040\000s\000t\000a\000r\000t\000a\000\040\000S\000P\000S\000S}{part*.3}% 3
\BOOKMARK [1][-]{section.1.1}{\376\377\000L\000a\000d\000d\000a\000\040\000n\000e\000r\000\040\000S\000P\000S\000S}{chapter.1}% 4
\BOOKMARK [1][-]{section.1.2}{\376\377\000I\000n\000s\000t\000a\000l\000l\000e\000r\000a\000\040\000S\000P\000S\000S}{chapter.1}% 5
\BOOKMARK [1][-]{section.1.3}{\376\377\000S\000t\000a\000r\000t\000a\000\040\000S\000P\000S\000S}{chapter.1}% 6
\BOOKMARK [0][-]{chapter.2}{\376\377\000V\000i\000k\000t\000i\000g\000a\000\040\000f\000\366\000n\000s\000e\000r\000\040\000i\000\040\000S\000P\000S\000S}{part*.3}% 7
\BOOKMARK [1][-]{section.2.1}{\376\377\000D\000a\000t\000a\000m\000a\000t\000r\000i\000s\000f\000\366\000n\000s\000t\000r\000e\000t\000\040\000\050\000D\000a\000t\000a\000\040\000v\000i\000e\000w\000\051}{chapter.2}% 8
\BOOKMARK [1][-]{section.2.2}{\376\377\000V\000a\000r\000i\000a\000b\000e\000l\000f\000\366\000n\000s\000t\000r\000e\000t\000\040\000\050\000V\000a\000r\000i\000a\000b\000l\000e\000\040\000v\000i\000e\000w\000\051}{chapter.2}% 9
\BOOKMARK [1][-]{section.2.3}{\376\377\000R\000e\000s\000u\000l\000t\000a\000t\000f\000\366\000n\000s\000t\000r\000e\000t\000\040\000\050\000O\000u\000t\000p\000u\000t\000\051}{chapter.2}% 10
\BOOKMARK [1][-]{section.2.4}{\376\377\000S\000y\000n\000t\000a\000x\000\040\000\050\000S\000y\000n\000t\000a\000x\000\040\000e\000d\000i\000t\000o\000r\000\051}{chapter.2}% 11
\BOOKMARK [-1][-]{part*.4}{\376\377\000F\000\366\000r\000b\000e\000r\000e\000d\000a\000\040\000d\000a\000t\000a\000m\000a\000t\000e\000r\000i\000a\000l\000e\000t}{}% 12
\BOOKMARK [0][-]{chapter.3}{\376\377\000D\000a\000t\000a\000b\000e\000a\000r\000b\000e\000t\000n\000i\000n\000g}{part*.4}% 13
\BOOKMARK [1][-]{section.3.1}{\376\377\000S\000e\000l\000e\000c\000t\000\040\000C\000a\000s\000e\000s\000:\000\040\000A\000n\000a\000l\000y\000s\000e\000r\000a\000\040\000e\000n\000b\000a\000r\000t\000\040\000v\000i\000s\000s\000a\000\040\000o\000b\000s\000e\000r\000v\000a\000t\000i\000o\000n\000s\000s\000e\000n\000h\000e\000t\000e\000r}{chapter.3}% 14
\BOOKMARK [1][-]{section.3.2}{\376\377\000S\000p\000l\000i\000t\000\040\000F\000i\000l\000e\000s\000:\000\040\000S\000e\000p\000a\000r\000a\000t\000a\000\040\000a\000n\000a\000l\000y\000s\000e\000r\000\040\000f\000\366\000r\000\040\000f\000\366\000r\000u\000t\000b\000e\000s\000t\000\344\000m\000d\000a\000\040\000g\000r\000u\000p\000p\000e\000r}{chapter.3}% 15
\BOOKMARK [1][-]{section.3.3}{\376\377\000R\000e\000c\000o\000d\000e\000:\000\040\000K\000o\000d\000a\000\040\000o\000m\000\040\000b\000e\000f\000i\000n\000t\000l\000i\000g\000a\000\040\000v\000a\000r\000i\000a\000b\000l\000e\000r}{chapter.3}% 16
\BOOKMARK [1][-]{section.3.4}{\376\377\000C\000o\000m\000p\000u\000t\000e\000:\000\040\000a\000t\000t\000\040\000s\000k\000a\000p\000a\000\040\000n\000y\000a\000\040\000v\000a\000r\000i\000a\000b\000l\000e\000r\000\040\000u\000t\000i\000f\000r\000\345\000n\000\040\000b\000e\000f\000i\000n\000t\000l\000i\000g\000a\000\040\000v\000a\000r\000i\000a\000b\000l\000e\000r}{chapter.3}% 17
\BOOKMARK [0][-]{chapter.4}{\376\377\000V\000a\000r\000i\000a\000b\000e\000l\000k\000o\000n\000s\000t\000r\000u\000k\000t\000i\000o\000n\000\040\000m\000e\000d\000\040\000h\000j\000\344\000l\000p\000\040\000a\000v\000\040\000s\000y\000n\000t\000a\000x}{part*.4}% 18
\BOOKMARK [-1][-]{part*.5}{\376\377\000A\000n\000a\000l\000y\000s\000e\000r\000a\000\040\000d\000a\000t\000a\000\040\000I\000:\000\040\000U\000n\000i\000v\000a\000r\000i\000a\000t\000\040\000a\000n\000a\000l\000y\000s\000\040\000\046\000\040\000b\000e\000s\000k\000r\000i\000v\000a\000n\000d\000e\000\040\000s\000t\000a\000t\000i\000s\000t\000i\000k}{}% 19
\BOOKMARK [0][-]{chapter.5}{\376\377\000F\000r\000e\000k\000v\000e\000n\000s\000t\000a\000b\000e\000l\000l\000e\000r\000,\000\040\000c\000e\000n\000t\000r\000a\000l\000-\000\040\000o\000c\000h\000\040\000s\000p\000r\000i\000d\000n\000i\000n\000g\000s\000m\000\345\000t\000t}{part*.5}% 20
\BOOKMARK [1][-]{section.5.1}{\376\377\000F\000r\000e\000k\000v\000e\000n\000s\000t\000a\000b\000e\000l\000l}{chapter.5}% 21
\BOOKMARK [1][-]{section.5.2}{\376\377\000C\000e\000n\000t\000r\000a\000l\000-\000\040\000o\000c\000h\000\040\000s\000p\000r\000i\000d\000n\000i\000n\000g\000s\000m\000\345\000t\000t}{chapter.5}% 22
\BOOKMARK [1][-]{section.5.3}{\376\377\000K\000o\000r\000t\000\040\000o\000m\000\040\000g\000r\000a\000f\000i\000s\000k\000a\000\040\000t\000e\000k\000n\000i\000k\000e\000r}{chapter.5}% 23
\BOOKMARK [-1][-]{part*.6}{\376\377\000A\000n\000a\000l\000y\000s\000e\000r\000a\000\040\000d\000a\000t\000a\000\040\000I\000I\000:\000\040\000B\000i\000v\000a\000r\000i\000a\000t\000\040\000a\000n\000a\000l\000y\000s}{}% 24
\BOOKMARK [0][-]{chapter.6}{\376\377\000S\000t\000u\000d\000e\000r\000a\000\040\000s\000a\000m\000v\000a\000r\000i\000a\000t\000i\000o\000n\000e\000n\000\040\000m\000e\000l\000l\000a\000n\000\040\000t\000v\000\345\000\040\000v\000a\000r\000i\000a\000b\000l\000e\000r}{part*.6}% 25
\BOOKMARK [1][-]{section.6.1}{\376\377\000K\000o\000r\000s\000t\000a\000b\000e\000l\000l\000\040\000-\000\040\000S\000a\000m\000b\000a\000n\000d\000\040\000m\000e\000l\000l\000a\000n\000\040\000t\000v\000\345\000\040\000k\000a\000t\000e\000g\000o\000r\000i\000s\000k\000a\000\040\000v\000a\000r\000i\000a\000b\000l\000e\000r}{chapter.6}% 26
\BOOKMARK [1][-]{section.6.2}{\376\377\000S\000a\000m\000b\000a\000n\000d\000\040\000m\000e\000l\000l\000a\000n\000\040\000t\000v\000\345\000\040\000n\000u\000m\000e\000r\000i\000s\000k\000a\000\040\000v\000a\000r\000i\000a\000b\000l\000e\000r}{chapter.6}% 27
\BOOKMARK [1][-]{section.6.3}{\376\377\000S\000a\000m\000b\000a\000n\000d\000s\000m\000\345\000t\000t}{chapter.6}% 28
\BOOKMARK [-1][-]{part*.7}{\376\377\000A\000n\000a\000l\000y\000s\000e\000r\000a\000\040\000d\000a\000t\000a\000\040\000I\000I\000I\000:\000\040\000H\000y\000p\000o\000t\000e\000s\000p\000r\000\366\000v\000n\000i\000n\000g}{}% 29
\BOOKMARK [0][-]{chapter.7}{\376\377\000A\000t\000t\000\040\000v\000\344\000l\000j\000a\000\040\000r\000\344\000t\000t\000\040\000t\000e\000s\000t\000\040\000v\000i\000d\000\040\000h\000y\000p\000o\000t\000e\000s\000p\000r\000\366\000v\000n\000i\000n\000g}{part*.7}% 30
\BOOKMARK [0][-]{chapter.8}{\376\377\000C\000h\000i\0002\000-\000t\000e\000s\000t}{part*.7}% 31
\BOOKMARK [0][-]{chapter.9}{\376\377\000T\000-\000t\000e\000s\000t}{part*.7}% 32
\BOOKMARK [0][-]{chapter.10}{\376\377\000E\000n\000k\000e\000l\000\040\000r\000e\000g\000r\000e\000s\000s\000i\000o\000n}{part*.7}% 33
\BOOKMARK [0][-]{chapter.11}{\376\377\000M\000u\000l\000t\000i\000p\000e\000l\000\040\000r\000e\000g\000r\000e\000s\000s\000i\000o\000n}{part*.7}% 34
\BOOKMARK [0][-]{chapter.12}{\376\377\000L\000o\000g\000i\000s\000t\000i\000s\000k\000\040\000r\000e\000g\000r\000e\000s\000s\000i\000o\000n}{part*.7}% 35
\BOOKMARK [1][-]{section.12.1}{\376\377\000E\000n\000k\000e\000l\000\040\000l\000o\000g\000i\000s\000t\000i\000s\000k\000\040\000r\000e\000g\000r\000e\000s\000s\000i\000o\000n}{chapter.12}% 36
\BOOKMARK [1][-]{section.12.2}{\376\377\000M\000u\000l\000t\000i\000p\000e\000l\000\040\000l\000o\000g\000i\000s\000t\000i\000s\000k\000\040\000r\000e\000g\000r\000e\000s\000s\000i\000o\000n}{chapter.12}% 37
\BOOKMARK [-1][-]{part*.8}{\376\377\000\326\000v\000r\000i\000g\000t}{}% 38
\BOOKMARK [0][-]{chapter.13}{\376\377\000B\000e\000a\000r\000b\000e\000t\000a\000\040\000t\000a\000b\000e\000l\000l\000e\000r\000\040\000o\000c\000h\000\040\000f\000i\000g\000u\000r\000e\000r}{part*.8}% 39
\BOOKMARK [1][-]{section.13.1}{\376\377\000T\000a\000b\000e\000l\000l\000e\000r}{chapter.13}% 40
\BOOKMARK [1][-]{section.13.2}{\376\377\000F\000i\000g\000u\000r\000e\000r}{chapter.13}% 41
\BOOKMARK [0][-]{chapter.14}{\376\377\000P\000r\000e\000s\000e\000n\000t\000a\000t\000i\000o\000n\000\040\000a\000v\000\040\000d\000a\000t\000a\000s\000e\000t}{part*.8}% 42
\BOOKMARK [1][-]{section.14.1}{\376\377\000N\000T\000U\000\040\0002\0000\0001\0007\000-\0002\0000\0002\0001}{chapter.14}% 43
\BOOKMARK [1][-]{section.14.2}{\376\377\000N\000T\000U\000\040\0002\0000\0001\0003\000-\0002\0000\0001\0005}{chapter.14}% 44
\BOOKMARK [1][-]{section.14.3}{\376\377\000S\000k\000o\000l\000u\000n\000d\000e\000r\000s\000\366\000k\000n\000i\000n\000g\000\040\0002\0000\0000\0005}{chapter.14}% 45
\BOOKMARK [1][-]{section.14.4}{\376\377\000G\000l\000a\000s\000s\000\040\000o\000c\000h\000\040\000b\000r\000o\000t\000t}{chapter.14}% 46
